npm warn config optional Use `--omit=optional` to exclude optional dependencies, or
npm warn config `--include=optional` to include them.
npm warn config
npm warn config       Default value does install optional deps unless otherwise omitted.

> @settler/adapters@1.0.0 lint
> eslint src --ext .ts


/workspace/packages/adapters/src/enhanced-base.ts
  14:18  error  Unexpected any. Specify a different type  @typescript-eslint/no-explicit-any
  28:30  error  Unexpected any. Specify a different type  @typescript-eslint/no-explicit-any
  53:44  error  Unexpected any. Specify a different type  @typescript-eslint/no-explicit-any
  73:44  error  Unexpected any. Specify a different type  @typescript-eslint/no-explicit-any
  78:43  error  Unexpected any. Specify a different type  @typescript-eslint/no-explicit-any

/workspace/packages/adapters/src/paypal-enhanced.ts
   24:13  warning  Unsafe assignment of an `any` value                                                     @typescript-eslint/no-unsafe-assignment
   25:13  warning  Unsafe assignment of an `any` value                                                     @typescript-eslint/no-unsafe-assignment
   25:36  warning  Unsafe member access .id on an `any` value                                              @typescript-eslint/no-unsafe-member-access
   25:53  warning  Unsafe member access .webhook_id on an `any` value                                      @typescript-eslint/no-unsafe-member-access
   38:44  error    Unexpected any. Specify a different type                                                @typescript-eslint/no-explicit-any
   40:11  warning  Unsafe assignment of an `any` value                                                     @typescript-eslint/no-unsafe-assignment
   41:11  warning  Unsafe assignment of an `any` value                                                     @typescript-eslint/no-unsafe-assignment
   48:50  error    Unsafe argument of type `any` assigned to a parameter of type `Record<string, any>`     @typescript-eslint/no-unsafe-argument
   50:31  error    Unsafe argument of type `any` assigned to a parameter of type `string | number | Date`  @typescript-eslint/no-unsafe-argument
   58:54  error    Unsafe argument of type `any` assigned to a parameter of type `Record<string, any>`     @typescript-eslint/no-unsafe-argument
   60:31  error    Unsafe argument of type `any` assigned to a parameter of type `string | number | Date`  @typescript-eslint/no-unsafe-argument
   68:54  error    Unsafe argument of type `any` assigned to a parameter of type `Record<string, any>`     @typescript-eslint/no-unsafe-argument
   70:31  error    Unsafe argument of type `any` assigned to a parameter of type `string | number | Date`  @typescript-eslint/no-unsafe-argument
   77:48  error    Unsafe argument of type `any` assigned to a parameter of type `Record<string, any>`     @typescript-eslint/no-unsafe-argument
   79:31  error    Unsafe argument of type `any` assigned to a parameter of type `string | number | Date`  @typescript-eslint/no-unsafe-argument
   85:22  warning  Unsafe member access .id on an `any` value                                              @typescript-eslint/no-unsafe-member-access
   85:37  warning  Unsafe member access .amount on an `any` value                                          @typescript-eslint/no-unsafe-member-access
   88:52  error    Unsafe argument of type `any` assigned to a parameter of type `Record<string, any>`     @typescript-eslint/no-unsafe-argument
   90:33  error    Unsafe argument of type `any` assigned to a parameter of type `string | number | Date`  @typescript-eslint/no-unsafe-argument
  101:3   error    Async method 'pollTransactions' has no 'await' expression                               @typescript-eslint/require-await
  102:11  warning  Unsafe assignment of an `any` value                                                     @typescript-eslint/no-unsafe-assignment
  103:11  warning  Unsafe assignment of an `any` value                                                     @typescript-eslint/no-unsafe-assignment
  126:3   error    Async method 'pollSettlements' has no 'await' expression                                @typescript-eslint/require-await
  127:11  warning  Unsafe assignment of an `any` value                                                     @typescript-eslint/no-unsafe-assignment
  128:11  warning  Unsafe assignment of an `any` value                                                     @typescript-eslint/no-unsafe-assignment
  151:3   error    Async method 'extractFees' has no 'await' expression                                    @typescript-eslint/require-await
  157:36  error    Unsafe argument of type `any` assigned to a parameter of type `string`                  @typescript-eslint/no-unsafe-argument
  157:60  warning  Unsafe member access .value on an `any` value                                           @typescript-eslint/no-unsafe-member-access
  158:13  warning  Unsafe assignment of an `any` value                                                     @typescript-eslint/no-unsafe-assignment
  158:51  warning  Unsafe member access .currency on an `any` value                                        @typescript-eslint/no-unsafe-member-access
  167:11  warning  Unsafe assignment of an `any` value                                                     @typescript-eslint/no-unsafe-assignment
  171:9   warning  Unsafe assignment of an `any` value                                                     @typescript-eslint/no-unsafe-assignment
  200:44  error    Unexpected any. Specify a different type                                                @typescript-eslint/no-explicit-any
  201:11  warning  Unsafe assignment of an `any` value                                                     @typescript-eslint/no-unsafe-assignment
  206:7   warning  Unsafe assignment of an `any` value                                                     @typescript-eslint/no-unsafe-assignment
  206:26  warning  Unsafe member access .invoice_id on an `any` value                                      @typescript-eslint/no-unsafe-member-access
  206:48  warning  Unsafe member access .custom_id on an `any` value                                       @typescript-eslint/no-unsafe-member-access
  208:7   warning  Unsafe assignment of an `any` value                                                     @typescript-eslint/no-unsafe-assignment
  208:38  warning  Unsafe member access .id on an `any` value                                              @typescript-eslint/no-unsafe-member-access
  208:52  warning  Unsafe member access .transaction_id on an `any` value                                  @typescript-eslint/no-unsafe-member-access
  211:27  error    Unsafe argument of type `any` assigned to a parameter of type `string`                  @typescript-eslint/no-unsafe-argument
  211:35  warning  Unsafe member access .amount on an `any` value                                          @typescript-eslint/no-unsafe-member-access
  211:60  warning  Unsafe member access .amount on an `any` value                                          @typescript-eslint/no-unsafe-member-access
  212:9   warning  Unsafe assignment of an `any` value                                                     @typescript-eslint/no-unsafe-assignment
  212:19  error    Unsafe call of an `any` typed value                                                     @typescript-eslint/no-unsafe-call
  212:28  warning  Unsafe member access .amount on an `any` value                                          @typescript-eslint/no-unsafe-member-access
  212:56  warning  Unsafe member access .currency on an `any` value                                        @typescript-eslint/no-unsafe-member-access
  212:75  warning  Unsafe member access .toUpperCase on an `any` value                                     @typescript-eslint/no-unsafe-member-access
  215:7   warning  Unsafe assignment of an `any` value                                                     @typescript-eslint/no-unsafe-assignment
  216:28  error    Unsafe argument of type `any` assigned to a parameter of type `string | number | Date`  @typescript-eslint/no-unsafe-argument
  216:36  warning  Unsafe member access .create_time on an `any` value                                     @typescript-eslint/no-unsafe-member-access
  216:59  warning  Unsafe member access .created_time on an `any` value                                    @typescript-eslint/no-unsafe-member-access
  217:27  error    Unsafe argument of type `any` assigned to a parameter of type `string | number | Date`  @typescript-eslint/no-unsafe-argument
  217:35  warning  Unsafe member access .update_time on an `any` value                                     @typescript-eslint/no-unsafe-member-access
  217:58  warning  Unsafe member access .updated_time on an `any` value                                    @typescript-eslint/no-unsafe-member-access
  220:17  warning  Unsafe member access .transaction_fee on an `any` value                                 @typescript-eslint/no-unsafe-member-access
  222:27  error    Unsafe argument of type `any` assigned to a parameter of type `string`                  @typescript-eslint/no-unsafe-argument
  222:35  warning  Unsafe member access .amount on an `any` value                                          @typescript-eslint/no-unsafe-member-access
  222:60  warning  Unsafe member access .amount on an `any` value                                          @typescript-eslint/no-unsafe-member-access
  222:88  error    Unsafe argument of type `any` assigned to a parameter of type `string`                  @typescript-eslint/no-unsafe-argument
  222:96  warning  Unsafe member access .transaction_fee on an `any` value                                 @typescript-eslint/no-unsafe-member-access
  223:9   warning  Unsafe assignment of an `any` value                                                     @typescript-eslint/no-unsafe-assignment
  223:19  error    Unsafe call of an `any` typed value                                                     @typescript-eslint/no-unsafe-call
  223:28  warning  Unsafe member access .amount on an `any` value                                          @typescript-eslint/no-unsafe-member-access
  223:56  warning  Unsafe member access .currency on an `any` value                                        @typescript-eslint/no-unsafe-member-access
  223:75  warning  Unsafe member access .toUpperCase on an `any` value                                     @typescript-eslint/no-unsafe-member-access
  233:43  error    Unexpected any. Specify a different type                                                @typescript-eslint/no-explicit-any
  234:11  warning  Unsafe assignment of an `any` value                                                     @typescript-eslint/no-unsafe-assignment
  240:7   warning  Unsafe assignment of an `any` value                                                     @typescript-eslint/no-unsafe-assignment
  240:36  warning  Unsafe member access .payout_batch_id on an `any` value                                 @typescript-eslint/no-unsafe-member-access
  240:62  warning  Unsafe member access .id on an `any` value                                              @typescript-eslint/no-unsafe-member-access
  242:27  error    Unsafe argument of type `any` assigned to a parameter of type `string`                  @typescript-eslint/no-unsafe-argument
  242:34  warning  Unsafe member access .amount on an `any` value                                          @typescript-eslint/no-unsafe-member-access
  242:58  warning  Unsafe member access .amount on an `any` value                                          @typescript-eslint/no-unsafe-member-access
  243:9   warning  Unsafe assignment of an `any` value                                                     @typescript-eslint/no-unsafe-assignment
  243:19  error    Unsafe call of an `any` typed value                                                     @typescript-eslint/no-unsafe-call
  243:27  warning  Unsafe member access .amount on an `any` value                                          @typescript-eslint/no-unsafe-member-access
  243:54  warning  Unsafe member access .currency on an `any` value                                        @typescript-eslint/no-unsafe-member-access
  243:73  warning  Unsafe member access .toUpperCase on an `any` value                                     @typescript-eslint/no-unsafe-member-access
  245:7   warning  Unsafe assignment of an `any` value                                                     @typescript-eslint/no-unsafe-assignment
  245:17  error    Unsafe call of an `any` typed value                                                     @typescript-eslint/no-unsafe-call
  245:25  warning  Unsafe member access .amount on an `any` value                                          @typescript-eslint/no-unsafe-member-access
  245:52  warning  Unsafe member access .currency on an `any` value                                        @typescript-eslint/no-unsafe-member-access
  245:71  warning  Unsafe member access .toUpperCase on an `any` value                                     @typescript-eslint/no-unsafe-member-access
  246:7   warning  Unsafe assignment of an `any` value                                                     @typescript-eslint/no-unsafe-assignment
  246:22  warning  Unsafe member access .exchange_rate on an `any` value                                   @typescript-eslint/no-unsafe-member-access
  247:32  error    Unsafe argument of type `any` assigned to a parameter of type `string | number | Date`  @typescript-eslint/no-unsafe-argument
  247:39  warning  Unsafe member access .time_processed on an `any` value                                  @typescript-eslint/no-unsafe-member-access
  247:64  warning  Unsafe member access .processed_time on an `any` value                                  @typescript-eslint/no-unsafe-member-access
  248:30  error    Unsafe argument of type `any` assigned to a parameter of type `string | number | Date`  @typescript-eslint/no-unsafe-argument
  248:37  warning  Unsafe member access .time_processed on an `any` value                                  @typescript-eslint/no-unsafe-member-access
  248:62  warning  Unsafe member access .processed_time on an `any` value                                  @typescript-eslint/no-unsafe-member-access
  250:7   warning  Unsafe assignment of an `any` value                                                     @typescript-eslint/no-unsafe-assignment
  251:27  error    Unsafe argument of type `any` assigned to a parameter of type `string | number | Date`  @typescript-eslint/no-unsafe-argument
  251:34  warning  Unsafe member access .create_time on an `any` value                                     @typescript-eslint/no-unsafe-member-access
  251:56  warning  Unsafe member access .created_time on an `any` value                                    @typescript-eslint/no-unsafe-member-access
  252:27  error    Unsafe argument of type `any` assigned to a parameter of type `string | number | Date`  @typescript-eslint/no-unsafe-argument
  252:34  warning  Unsafe member access .update_time on an `any` value                                     @typescript-eslint/no-unsafe-member-access
  252:56  warning  Unsafe member access .updated_time on an `any` value                                    @typescript-eslint/no-unsafe-member-access
  259:46  error    Unexpected any. Specify a different type                                                @typescript-eslint/no-explicit-any
  263:7   warning  Unsafe assignment of an `any` value                                                     @typescript-eslint/no-unsafe-assignment
  266:27  error    Unsafe argument of type `any` assigned to a parameter of type `string`                  @typescript-eslint/no-unsafe-argument
  266:39  warning  Unsafe member access .value on an `any` value                                           @typescript-eslint/no-unsafe-member-access
  267:9   warning  Unsafe assignment of an `any` value                                                     @typescript-eslint/no-unsafe-assignment
  267:19  error    Unsafe call of an `any` typed value                                                     @typescript-eslint/no-unsafe-call
  267:32  warning  Unsafe member access .currency on an `any` value                                        @typescript-eslint/no-unsafe-member-access
  267:67  warning  Unsafe member access .toUpperCase on an `any` value                                     @typescript-eslint/no-unsafe-member-access
  270:7   warning  Unsafe assignment of an `any` value                                                     @typescript-eslint/no-unsafe-assignment
  271:7   warning  Unsafe assignment of an `any` value                                                     @typescript-eslint/no-unsafe-assignment
  272:7   warning  Unsafe assignment of an `any` value                                                     @typescript-eslint/no-unsafe-assignment
  274:27  error    Unsafe argument of type `any` assigned to a parameter of type `string | number | Date`  @typescript-eslint/no-unsafe-argument
  275:27  error    Unsafe argument of type `any` assigned to a parameter of type `string | number | Date`  @typescript-eslint/no-unsafe-argument
  291:39  error    Unexpected any. Specify a different type                                                @typescript-eslint/no-explicit-any
  292:17  warning  Unsafe member access .state on an `any` value                                           @typescript-eslint/no-unsafe-member-access
  293:17  warning  Unsafe member access .state on an `any` value                                           @typescript-eslint/no-unsafe-member-access
  293:47  warning  Unsafe member access .state on an `any` value                                           @typescript-eslint/no-unsafe-member-access
  294:17  warning  Unsafe member access .state on an `any` value                                           @typescript-eslint/no-unsafe-member-access
  294:50  warning  Unsafe member access .state on an `any` value                                           @typescript-eslint/no-unsafe-member-access
  301:41  error    Unexpected any. Specify a different type                                                @typescript-eslint/no-explicit-any
  302:17  warning  Unsafe member access .state on an `any` value                                           @typescript-eslint/no-unsafe-member-access
  303:17  warning  Unsafe member access .state on an `any` value                                           @typescript-eslint/no-unsafe-member-access
  303:47  warning  Unsafe member access .state on an `any` value                                           @typescript-eslint/no-unsafe-member-access
  304:17  warning  Unsafe member access .state on an `any` value                                           @typescript-eslint/no-unsafe-member-access
  304:50  warning  Unsafe member access .state on an `any` value                                           @typescript-eslint/no-unsafe-member-access
  311:39  error    Unexpected any. Specify a different type                                                @typescript-eslint/no-explicit-any
  312:16  warning  Unsafe member access .payout_status on an `any` value                                   @typescript-eslint/no-unsafe-member-access
  312:54  warning  Unsafe member access .status on an `any` value                                          @typescript-eslint/no-unsafe-member-access
  313:16  warning  Unsafe member access .payout_status on an `any` value                                   @typescript-eslint/no-unsafe-member-access
  313:53  warning  Unsafe member access .status on an `any` value                                          @typescript-eslint/no-unsafe-member-access
  320:39  error    Unexpected any. Specify a different type                                                @typescript-eslint/no-explicit-any
  321:13  warning  Unsafe member access .state on an `any` value                                           @typescript-eslint/no-unsafe-member-access
  321:42  warning  Unsafe member access .status on an `any` value                                          @typescript-eslint/no-unsafe-member-access
  322:13  warning  Unsafe member access .state on an `any` value                                           @typescript-eslint/no-unsafe-member-access
  322:39  warning  Unsafe member access .status on an `any` value                                          @typescript-eslint/no-unsafe-member-access
  323:13  warning  Unsafe member access .state on an `any` value                                           @typescript-eslint/no-unsafe-member-access
  323:42  warning  Unsafe member access .status on an `any` value                                          @typescript-eslint/no-unsafe-member-access

/workspace/packages/adapters/src/paypal.ts
  7:3  error  Async method 'fetch' has no 'await' expression  @typescript-eslint/require-await

/workspace/packages/adapters/src/quickbooks.ts
  7:3  error  Async method 'fetch' has no 'await' expression  @typescript-eslint/require-await

/workspace/packages/adapters/src/shopify.ts
  7:3  error  Async method 'fetch' has no 'await' expression  @typescript-eslint/require-await

/workspace/packages/adapters/src/square-enhanced.ts
   42:44  error    Unexpected any. Specify a different type                                                @typescript-eslint/no-explicit-any
   44:11  warning  Unsafe assignment of an `any` value                                                     @typescript-eslint/no-unsafe-assignment
   45:11  warning  Unsafe assignment of an `any` value                                                     @typescript-eslint/no-unsafe-assignment
   50:18  warning  Unsafe member access .object on an `any` value                                          @typescript-eslint/no-unsafe-member-access
   53:52  error    Unsafe argument of type `any` assigned to a parameter of type `Record<string, any>`     @typescript-eslint/no-unsafe-argument
   53:57  warning  Unsafe member access .object on an `any` value                                          @typescript-eslint/no-unsafe-member-access
   55:33  error    Unsafe argument of type `any` assigned to a parameter of type `string | number | Date`  @typescript-eslint/no-unsafe-argument
   62:18  warning  Unsafe member access .object on an `any` value                                          @typescript-eslint/no-unsafe-member-access
   65:56  error    Unsafe argument of type `any` assigned to a parameter of type `Record<string, any>`     @typescript-eslint/no-unsafe-argument
   65:61  warning  Unsafe member access .object on an `any` value                                          @typescript-eslint/no-unsafe-member-access
   67:33  error    Unsafe argument of type `any` assigned to a parameter of type `string | number | Date`  @typescript-eslint/no-unsafe-argument
   74:18  warning  Unsafe member access .object on an `any` value                                          @typescript-eslint/no-unsafe-member-access
   77:56  error    Unsafe argument of type `any` assigned to a parameter of type `Record<string, any>`     @typescript-eslint/no-unsafe-argument
   77:61  warning  Unsafe member access .object on an `any` value                                          @typescript-eslint/no-unsafe-member-access
   79:33  error    Unsafe argument of type `any` assigned to a parameter of type `string | number | Date`  @typescript-eslint/no-unsafe-argument
   86:18  warning  Unsafe member access .object on an `any` value                                          @typescript-eslint/no-unsafe-member-access
   89:50  error    Unsafe argument of type `any` assigned to a parameter of type `Record<string, any>`     @typescript-eslint/no-unsafe-argument
   89:55  warning  Unsafe member access .object on an `any` value                                          @typescript-eslint/no-unsafe-member-access
   91:33  error    Unsafe argument of type `any` assigned to a parameter of type `string | number | Date`  @typescript-eslint/no-unsafe-argument
   98:18  warning  Unsafe member access .object on an `any` value                                          @typescript-eslint/no-unsafe-member-access
  101:52  error    Unsafe argument of type `any` assigned to a parameter of type `Record<string, any>`     @typescript-eslint/no-unsafe-argument
  101:57  warning  Unsafe member access .object on an `any` value                                          @typescript-eslint/no-unsafe-member-access
  103:33  error    Unsafe argument of type `any` assigned to a parameter of type `string | number | Date`  @typescript-eslint/no-unsafe-argument
  114:3   error    Async method 'pollTransactions' has no 'await' expression                               @typescript-eslint/require-await
  115:11  warning  Unsafe assignment of an `any` value                                                     @typescript-eslint/no-unsafe-assignment
  141:3   error    Async method 'pollSettlements' has no 'await' expression                                @typescript-eslint/require-await
  142:11  warning  Unsafe assignment of an `any` value                                                     @typescript-eslint/no-unsafe-assignment
  168:3   error    Async method 'extractFees' has no 'await' expression                                    @typescript-eslint/require-await
  180:29  error    Unsafe argument of type `any` assigned to a parameter of type `string`                  @typescript-eslint/no-unsafe-argument
  180:58  warning  Unsafe member access .amount on an `any` value                                          @typescript-eslint/no-unsafe-member-access
  181:11  warning  Unsafe assignment of an `any` value                                                     @typescript-eslint/no-unsafe-assignment
  181:50  warning  Unsafe member access .currency on an `any` value                                        @typescript-eslint/no-unsafe-member-access
  185:25  error    Unsafe argument of type `any` assigned to a parameter of type `string`                  @typescript-eslint/no-unsafe-argument
  185:54  warning  Unsafe member access .amount on an `any` value                                          @typescript-eslint/no-unsafe-member-access
  187:9   warning  Unsafe assignment of an `any` value                                                     @typescript-eslint/no-unsafe-assignment
  198:44  error    Unexpected any. Specify a different type                                                @typescript-eslint/no-explicit-any
  199:11  warning  Unsafe assignment of an `any` value                                                     @typescript-eslint/no-unsafe-assignment
  204:7   warning  Unsafe assignment of an `any` value                                                     @typescript-eslint/no-unsafe-assignment
  204:26  warning  Unsafe member access .order_id on an `any` value                                        @typescript-eslint/no-unsafe-member-access
  204:46  warning  Unsafe member access .reference_id on an `any` value                                    @typescript-eslint/no-unsafe-member-access
  206:7   warning  Unsafe assignment of an `any` value                                                     @typescript-eslint/no-unsafe-assignment
  206:38  warning  Unsafe member access .id on an `any` value                                              @typescript-eslint/no-unsafe-member-access
  209:27  error    Unsafe argument of type `any` assigned to a parameter of type `string`                  @typescript-eslint/no-unsafe-argument
  209:35  warning  Unsafe member access .total_money on an `any` value                                     @typescript-eslint/no-unsafe-member-access
  209:66  warning  Unsafe member access .amount_money on an `any` value                                    @typescript-eslint/no-unsafe-member-access
  210:9   warning  Unsafe assignment of an `any` value                                                     @typescript-eslint/no-unsafe-assignment
  210:19  error    Unsafe call of an `any` typed value                                                     @typescript-eslint/no-unsafe-call
  210:28  warning  Unsafe member access .total_money on an `any` value                                     @typescript-eslint/no-unsafe-member-access
  210:61  warning  Unsafe member access .amount_money on an `any` value                                    @typescript-eslint/no-unsafe-member-access
  210:94  warning  Unsafe member access .toUpperCase on an `any` value                                     @typescript-eslint/no-unsafe-member-access
  213:7   warning  Unsafe assignment of an `any` value                                                     @typescript-eslint/no-unsafe-assignment
  214:28  error    Unsafe argument of type `any` assigned to a parameter of type `string | number | Date`  @typescript-eslint/no-unsafe-argument
  214:36  warning  Unsafe member access .created_at on an `any` value                                      @typescript-eslint/no-unsafe-member-access
  215:27  error    Unsafe argument of type `any` assigned to a parameter of type `string | number | Date`  @typescript-eslint/no-unsafe-argument
  215:35  warning  Unsafe member access .updated_at on an `any` value                                      @typescript-eslint/no-unsafe-member-access
  218:17  warning  Unsafe member access .processing_fee_money on an `any` value                            @typescript-eslint/no-unsafe-member-access
  220:28  error    Unsafe argument of type `any` assigned to a parameter of type `string`                  @typescript-eslint/no-unsafe-argument
  220:36  warning  Unsafe member access .total_money on an `any` value                                     @typescript-eslint/no-unsafe-member-access
  220:77  error    Unsafe argument of type `any` assigned to a parameter of type `string`                  @typescript-eslint/no-unsafe-argument
  220:85  warning  Unsafe member access .processing_fee_money on an `any` value                            @typescript-eslint/no-unsafe-member-access
  221:9   warning  Unsafe assignment of an `any` value                                                     @typescript-eslint/no-unsafe-assignment
  221:19  error    Unsafe call of an `any` typed value                                                     @typescript-eslint/no-unsafe-call
  221:28  warning  Unsafe member access .total_money on an `any` value                                     @typescript-eslint/no-unsafe-member-access
  221:60  warning  Unsafe member access .toUpperCase on an `any` value                                     @typescript-eslint/no-unsafe-member-access
  231:43  error    Unexpected any. Specify a different type                                                @typescript-eslint/no-explicit-any
  232:11  warning  Unsafe assignment of an `any` value                                                     @typescript-eslint/no-unsafe-assignment
  238:7   warning  Unsafe assignment of an `any` value                                                     @typescript-eslint/no-unsafe-assignment
  238:40  warning  Unsafe member access .id on an `any` value                                              @typescript-eslint/no-unsafe-member-access
  240:27  error    Unsafe argument of type `any` assigned to a parameter of type `string`                  @typescript-eslint/no-unsafe-argument
  240:38  warning  Unsafe member access .total_money on an `any` value                                     @typescript-eslint/no-unsafe-member-access
  241:9   warning  Unsafe assignment of an `any` value                                                     @typescript-eslint/no-unsafe-assignment
  241:19  error    Unsafe call of an `any` typed value                                                     @typescript-eslint/no-unsafe-call
  241:31  warning  Unsafe member access .total_money on an `any` value                                     @typescript-eslint/no-unsafe-member-access
  241:63  warning  Unsafe member access .toUpperCase on an `any` value                                     @typescript-eslint/no-unsafe-member-access
  243:7   warning  Unsafe assignment of an `any` value                                                     @typescript-eslint/no-unsafe-assignment
  243:17  error    Unsafe call of an `any` typed value                                                     @typescript-eslint/no-unsafe-call
  243:29  warning  Unsafe member access .total_money on an `any` value                                     @typescript-eslint/no-unsafe-member-access
  243:61  warning  Unsafe member access .toUpperCase on an `any` value                                     @typescript-eslint/no-unsafe-member-access
  244:7   warning  Unsafe assignment of an `any` value                                                     @typescript-eslint/no-unsafe-assignment
  244:26  warning  Unsafe member access .exchange_rate on an `any` value                                   @typescript-eslint/no-unsafe-member-access
  245:32  error    Unsafe argument of type `any` assigned to a parameter of type `string | number | Date`  @typescript-eslint/no-unsafe-argument
  245:43  warning  Unsafe member access .initiated_at on an `any` value                                    @typescript-eslint/no-unsafe-member-access
  245:70  warning  Unsafe member access .created_at on an `any` value                                      @typescript-eslint/no-unsafe-member-access
  246:30  error    Unsafe argument of type `any` assigned to a parameter of type `string | number | Date`  @typescript-eslint/no-unsafe-argument
  246:41  warning  Unsafe member access .expected_at on an `any` value                                     @typescript-eslint/no-unsafe-member-access
  246:67  warning  Unsafe member access .initiated_at on an `any` value                                    @typescript-eslint/no-unsafe-member-access
  248:7   warning  Unsafe assignment of an `any` value                                                     @typescript-eslint/no-unsafe-assignment
  249:27  error    Unsafe argument of type `any` assigned to a parameter of type `string | number | Date`  @typescript-eslint/no-unsafe-argument
  249:38  warning  Unsafe member access .created_at on an `any` value                                      @typescript-eslint/no-unsafe-member-access
  250:27  error    Unsafe argument of type `any` assigned to a parameter of type `string | number | Date`  @typescript-eslint/no-unsafe-argument
  250:38  warning  Unsafe member access .updated_at on an `any` value                                      @typescript-eslint/no-unsafe-member-access
  257:46  error    Unexpected any. Specify a different type                                                @typescript-eslint/no-explicit-any
  261:7   warning  Unsafe assignment of an `any` value                                                     @typescript-eslint/no-unsafe-assignment
  264:27  error    Unsafe argument of type `any` assigned to a parameter of type `string`                  @typescript-eslint/no-unsafe-argument
  264:45  warning  Unsafe member access .amount on an `any` value                                          @typescript-eslint/no-unsafe-member-access
  264:75  warning  Unsafe member access .amount on an `any` value                                          @typescript-eslint/no-unsafe-member-access
  265:9   warning  Unsafe assignment of an `any` value                                                     @typescript-eslint/no-unsafe-assignment
  265:19  error    Unsafe call of an `any` typed value                                                     @typescript-eslint/no-unsafe-call
  265:38  warning  Unsafe member access .currency on an `any` value                                        @typescript-eslint/no-unsafe-member-access
  265:70  warning  Unsafe member access .currency on an `any` value                                        @typescript-eslint/no-unsafe-member-access
  265:89  warning  Unsafe member access .toUpperCase on an `any` value                                     @typescript-eslint/no-unsafe-member-access
  268:7   warning  Unsafe assignment of an `any` value                                                     @typescript-eslint/no-unsafe-assignment
  269:7   warning  Unsafe assignment of an `any` value                                                     @typescript-eslint/no-unsafe-assignment
  270:7   warning  Unsafe assignment of an `any` value                                                     @typescript-eslint/no-unsafe-assignment
  272:27  error    Unsafe argument of type `any` assigned to a parameter of type `string | number | Date`  @typescript-eslint/no-unsafe-argument
  273:27  error    Unsafe argument of type `any` assigned to a parameter of type `string | number | Date`  @typescript-eslint/no-unsafe-argument
  289:39  error    Unexpected any. Specify a different type                                                @typescript-eslint/no-explicit-any
  290:17  warning  Unsafe member access .refund_ids on an `any` value                                      @typescript-eslint/no-unsafe-member-access
  290:39  warning  Unsafe member access .refund_ids on an `any` value                                      @typescript-eslint/no-unsafe-member-access
  291:17  warning  Unsafe member access .dispute_ids on an `any` value                                     @typescript-eslint/no-unsafe-member-access
  291:40  warning  Unsafe member access .dispute_ids on an `any` value                                     @typescript-eslint/no-unsafe-member-access
  292:17  warning  Unsafe member access .status on an `any` value                                          @typescript-eslint/no-unsafe-member-access
  299:41  error    Unexpected any. Specify a different type                                                @typescript-eslint/no-explicit-any
  300:17  warning  Unsafe member access .status on an `any` value                                          @typescript-eslint/no-unsafe-member-access
  301:17  warning  Unsafe member access .status on an `any` value                                          @typescript-eslint/no-unsafe-member-access
  302:17  warning  Unsafe member access .status on an `any` value                                          @typescript-eslint/no-unsafe-member-access
  309:43  error    Unexpected any. Specify a different type                                                @typescript-eslint/no-explicit-any
  310:20  warning  Unsafe member access .status on an `any` value                                          @typescript-eslint/no-unsafe-member-access
  311:20  warning  Unsafe member access .status on an `any` value                                          @typescript-eslint/no-unsafe-member-access
  318:39  error    Unexpected any. Specify a different type                                                @typescript-eslint/no-explicit-any
  319:13  warning  Unsafe member access .status on an `any` value                                          @typescript-eslint/no-unsafe-member-access
  319:43  warning  Unsafe member access .status on an `any` value                                          @typescript-eslint/no-unsafe-member-access
  320:13  warning  Unsafe member access .status on an `any` value                                          @typescript-eslint/no-unsafe-member-access
  320:40  warning  Unsafe member access .status on an `any` value                                          @typescript-eslint/no-unsafe-member-access
  321:13  warning  Unsafe member access .status on an `any` value                                          @typescript-eslint/no-unsafe-member-access

/workspace/packages/adapters/src/stripe-enhanced.ts
   45:44  error    Unexpected any. Specify a different type                                                @typescript-eslint/no-explicit-any
   47:11  warning  Unsafe assignment of an `any` value                                                     @typescript-eslint/no-unsafe-assignment
   48:11  warning  Unsafe assignment of an `any` value                                                     @typescript-eslint/no-unsafe-assignment
   48:32  warning  Unsafe member access .object on an `any` value                                          @typescript-eslint/no-unsafe-member-access
   55:50  error    Unsafe argument of type `any` assigned to a parameter of type `Record<string, any>`     @typescript-eslint/no-unsafe-argument
   65:54  error    Unsafe argument of type `any` assigned to a parameter of type `Record<string, any>`     @typescript-eslint/no-unsafe-argument
   74:54  error    Unsafe argument of type `any` assigned to a parameter of type `Record<string, any>`     @typescript-eslint/no-unsafe-argument
   83:48  error    Unsafe argument of type `any` assigned to a parameter of type `Record<string, any>`     @typescript-eslint/no-unsafe-argument
   91:18  warning  Unsafe member access .id on an `any` value                                              @typescript-eslint/no-unsafe-member-access
   91:29  warning  Unsafe member access .amount on an `any` value                                          @typescript-eslint/no-unsafe-member-access
   94:52  error    Unsafe argument of type `any` assigned to a parameter of type `Record<string, any>`     @typescript-eslint/no-unsafe-argument
  107:3   error    Async method 'pollTransactions' has no 'await' expression                               @typescript-eslint/require-await
  130:3   error    Async method 'pollSettlements' has no 'await' expression                                @typescript-eslint/require-await
  153:3   error    Async method 'extractFees' has no 'await' expression                                    @typescript-eslint/require-await
  158:13  warning  Unsafe assignment of an `any` value                                                     @typescript-eslint/no-unsafe-assignment
  160:21  warning  Unsafe member access .fee on an `any` value                                             @typescript-eslint/no-unsafe-member-access
  167:30  warning  Unsafe member access .fee on an `any` value                                             @typescript-eslint/no-unsafe-member-access
  171:59  warning  Unsafe member access .fee on an `any` value                                             @typescript-eslint/no-unsafe-member-access
  172:11  warning  Unsafe assignment of an `any` value                                                     @typescript-eslint/no-unsafe-assignment
  184:44  error    Unexpected any. Specify a different type                                                @typescript-eslint/no-explicit-any
  185:11  warning  Unsafe assignment of an `any` value                                                     @typescript-eslint/no-unsafe-assignment
  190:7   warning  Unsafe assignment of an `any` value                                                     @typescript-eslint/no-unsafe-assignment
  190:25  warning  Unsafe member access .metadata on an `any` value                                        @typescript-eslint/no-unsafe-member-access
  192:7   warning  Unsafe assignment of an `any` value                                                     @typescript-eslint/no-unsafe-assignment
  192:37  warning  Unsafe member access .id on an `any` value                                              @typescript-eslint/no-unsafe-member-access
  195:23  warning  Unsafe member access .amount on an `any` value                                          @typescript-eslint/no-unsafe-member-access
  196:9   warning  Unsafe assignment of an `any` value                                                     @typescript-eslint/no-unsafe-assignment
  196:19  error    Unsafe call of an `any` typed value                                                     @typescript-eslint/no-unsafe-call
  196:26  warning  Unsafe member access .currency on an `any` value                                        @typescript-eslint/no-unsafe-member-access
  199:7   warning  Unsafe assignment of an `any` value                                                     @typescript-eslint/no-unsafe-assignment
  200:35  warning  Unsafe member access .created on an `any` value                                         @typescript-eslint/no-unsafe-member-access
  201:27  error    Unsafe argument of type `any` assigned to a parameter of type `string | number | Date`  @typescript-eslint/no-unsafe-argument
  201:34  warning  Unsafe member access .updated on an `any` value                                         @typescript-eslint/no-unsafe-member-access
  201:52  warning  Unsafe member access .created on an `any` value                                         @typescript-eslint/no-unsafe-member-access
  204:16  warning  Unsafe member access .balance_transaction on an `any` value                             @typescript-eslint/no-unsafe-member-access
  206:24  warning  Unsafe member access .amount on an `any` value                                          @typescript-eslint/no-unsafe-member-access
  206:40  warning  Unsafe member access .balance_transaction on an `any` value                             @typescript-eslint/no-unsafe-member-access
  207:9   warning  Unsafe assignment of an `any` value                                                     @typescript-eslint/no-unsafe-assignment
  207:19  error    Unsafe call of an `any` typed value                                                     @typescript-eslint/no-unsafe-call
  207:26  warning  Unsafe member access .currency on an `any` value                                        @typescript-eslint/no-unsafe-member-access
  217:43  error    Unexpected any. Specify a different type                                                @typescript-eslint/no-explicit-any
  218:11  warning  Unsafe assignment of an `any` value                                                     @typescript-eslint/no-unsafe-assignment
  224:7   warning  Unsafe assignment of an `any` value                                                     @typescript-eslint/no-unsafe-assignment
  224:36  warning  Unsafe member access .id on an `any` value                                              @typescript-eslint/no-unsafe-member-access
  226:23  warning  Unsafe member access .amount on an `any` value                                          @typescript-eslint/no-unsafe-member-access
  227:9   warning  Unsafe assignment of an `any` value                                                     @typescript-eslint/no-unsafe-assignment
  227:19  error    Unsafe call of an `any` typed value                                                     @typescript-eslint/no-unsafe-call
  227:26  warning  Unsafe member access .currency on an `any` value                                        @typescript-eslint/no-unsafe-member-access
  229:7   warning  Unsafe assignment of an `any` value                                                     @typescript-eslint/no-unsafe-assignment
  229:17  error    Unsafe call of an `any` typed value                                                     @typescript-eslint/no-unsafe-call
  229:24  warning  Unsafe member access .currency on an `any` value                                        @typescript-eslint/no-unsafe-member-access
  230:7   warning  Unsafe assignment of an `any` value                                                     @typescript-eslint/no-unsafe-assignment
  230:22  warning  Unsafe member access .exchange_rate on an `any` value                                   @typescript-eslint/no-unsafe-member-access
  231:39  warning  Unsafe member access .arrival_date on an `any` value                                    @typescript-eslint/no-unsafe-member-access
  232:37  warning  Unsafe member access .arrival_date on an `any` value                                    @typescript-eslint/no-unsafe-member-access
  234:7   warning  Unsafe assignment of an `any` value                                                     @typescript-eslint/no-unsafe-assignment
  235:34  warning  Unsafe member access .created on an `any` value                                         @typescript-eslint/no-unsafe-member-access
  236:34  warning  Unsafe member access .created on an `any` value                                         @typescript-eslint/no-unsafe-member-access
  243:46  error    Unexpected any. Specify a different type                                                @typescript-eslint/no-explicit-any
  247:7   warning  Unsafe assignment of an `any` value                                                     @typescript-eslint/no-unsafe-assignment
  251:9   warning  Unsafe assignment of an `any` value                                                     @typescript-eslint/no-unsafe-assignment
  251:34  error    Unsafe call of an `any` typed value                                                     @typescript-eslint/no-unsafe-call
  251:47  warning  Unsafe member access .toUpperCase on an `any` value                                     @typescript-eslint/no-unsafe-member-access
  254:7   warning  Unsafe assignment of an `any` value                                                     @typescript-eslint/no-unsafe-assignment
  255:7   warning  Unsafe assignment of an `any` value                                                     @typescript-eslint/no-unsafe-assignment
  256:7   warning  Unsafe assignment of an `any` value                                                     @typescript-eslint/no-unsafe-assignment
  259:27  error    Unsafe argument of type `any` assigned to a parameter of type `string | number | Date`  @typescript-eslint/no-unsafe-argument
  275:38  error    Unexpected any. Specify a different type                                                @typescript-eslint/no-explicit-any
  276:16  warning  Unsafe member access .refunded on an `any` value                                        @typescript-eslint/no-unsafe-member-access
  277:16  warning  Unsafe member access .disputed on an `any` value                                        @typescript-eslint/no-unsafe-member-access
  278:16  warning  Unsafe member access .captured on an `any` value                                        @typescript-eslint/no-unsafe-member-access
  285:40  error    Unexpected any. Specify a different type                                                @typescript-eslint/no-explicit-any
  286:16  warning  Unsafe member access .refunded on an `any` value                                        @typescript-eslint/no-unsafe-member-access
  287:16  warning  Unsafe member access .disputed on an `any` value                                        @typescript-eslint/no-unsafe-member-access
  288:16  warning  Unsafe member access .paid on an `any` value                                            @typescript-eslint/no-unsafe-member-access
  289:16  warning  Unsafe member access .failed on an `any` value                                          @typescript-eslint/no-unsafe-member-access
  296:39  error    Unexpected any. Specify a different type                                                @typescript-eslint/no-explicit-any
  297:16  warning  Unsafe member access .status on an `any` value                                          @typescript-eslint/no-unsafe-member-access
  298:16  warning  Unsafe member access .status on an `any` value                                          @typescript-eslint/no-unsafe-member-access
  305:39  error    Unexpected any. Specify a different type                                                @typescript-eslint/no-explicit-any
  306:13  warning  Unsafe member access .status on an `any` value                                          @typescript-eslint/no-unsafe-member-access
  306:43  warning  Unsafe member access .status on an `any` value                                          @typescript-eslint/no-unsafe-member-access
  307:13  warning  Unsafe member access .status on an `any` value                                          @typescript-eslint/no-unsafe-member-access
  307:40  warning  Unsafe member access .status on an `any` value                                          @typescript-eslint/no-unsafe-member-access
  308:13  warning  Unsafe member access .status on an `any` value                                          @typescript-eslint/no-unsafe-member-access

/workspace/packages/adapters/src/stripe.ts
  7:3  error  Async method 'fetch' has no 'await' expression  @typescript-eslint/require-await

/workspace/packages/adapters/src/xero.ts
  105:3  error  Async method 'getAccessToken' has no 'await' expression  @typescript-eslint/require-await

 356 problems (114 errors, 242 warnings)

